2025-12-22 14:18:41,144 - __main__ - INFO - Starting data collection from both platforms...
2025-12-22 14:18:41,145 - services.polymarket - INFO - Fetching Polymarket markets (limit=100)...
2025-12-22 14:18:41,145 - services.opinion - INFO - Fetching Opinion Labs markets (limit=100)...
2025-12-22 14:18:41,394 - services.opinion - ERROR - Failed to fetch Opinion Labs markets: 404 Client Error: Not Found for url: https://api.opinion.trade/v1/markets?status=active&limit=100
2025-12-22 14:18:41,498 - services.polymarket - WARNING - Failed to parse market: could not convert string to float: '['
2025-12-22 14:18:41,499 - services.polymarket - WARNING - Failed to parse market: could not convert string to float: '['
2025-12-22 14:18:41,499 - services.polymarket - WARNING - Failed to parse market: could not convert string to float: '['
2025-12-22 14:18:41,499 - services.polymarket - WARNING - Failed to parse market: could not convert string to float: '['
2025-12-22 14:18:41,499 - services.polymarket - WARNING - Failed to parse market: could not convert string to float: '['
2025-12-22 14:18:41,499 - services.polymarket - WARNING - Failed to parse market: could not convert string to float: '['
2025-12-22 14:18:41,499 - services.polymarket - WARNING - Failed to parse market: could not convert string to float: '['
2025-12-22 14:18:41,499 - services.polymarket - WARNING - Failed to parse market: could not convert string to float: '['
2025-12-22 14:18:41,499 - services.polymarket - WARNING - Failed to parse market: could not convert string to float: '['
2025-12-22 14:18:41,499 - services.polymarket - WARNING - Failed to parse market: could not convert string to float: '['
2025-12-22 14:18:41,499 - services.polymarket - WARNING - Failed to parse market: could not convert string to float: '['
2025-12-22 14:18:41,499 - services.polymarket - WARNING - Failed to parse market: could not convert string to float: '['
2025-12-22 14:18:41,499 - services.polymarket - WARNING - Failed to parse market: could not convert string to float: '['
2025-12-22 14:18:41,499 - services.polymarket - WARNING - Failed to parse market: could not convert string to float: '['
2025-12-22 14:18:41,499 - services.polymarket - WARNING - Failed to parse market: could not convert string to float: '['
2025-12-22 14:18:41,500 - services.polymarket - WARNING - Failed to parse market: could not convert string to float: '['
2025-12-22 14:18:41,500 - services.polymarket - WARNING - Failed to parse market: could not convert string to float: '['
2025-12-22 14:18:41,500 - services.polymarket - WARNING - Failed to parse market: could not convert string to float: '['
2025-12-22 14:18:41,500 - services.polymarket - WARNING - Failed to parse market: could not convert string to float: '['
2025-12-22 14:18:41,500 - services.polymarket - WARNING - Failed to parse market: could not convert string to float: '['
2025-12-22 14:18:41,500 - services.polymarket - WARNING - Failed to parse market: could not convert string to float: '['
2025-12-22 14:18:41,500 - services.polymarket - WARNING - Failed to parse market: could not convert string to float: '['
2025-12-22 14:18:41,500 - services.polymarket - WARNING - Failed to parse market: could not convert string to float: '['
2025-12-22 14:18:41,500 - services.polymarket - WARNING - Failed to parse market: could not convert string to float: '['
2025-12-22 14:18:41,500 - services.polymarket - WARNING - Failed to parse market: could not convert string to float: '['
2025-12-22 14:18:41,500 - services.polymarket - WARNING - Failed to parse market: could not convert string to float: '['
2025-12-22 14:18:41,500 - services.polymarket - WARNING - Failed to parse market: could not convert string to float: '['
2025-12-22 14:18:41,500 - services.polymarket - WARNING - Failed to parse market: could not convert string to float: '['
2025-12-22 14:18:41,500 - services.polymarket - WARNING - Failed to parse market: could not convert string to float: '['
2025-12-22 14:18:41,500 - services.polymarket - WARNING - Failed to parse market: could not convert string to float: '['
2025-12-22 14:18:41,500 - services.polymarket - WARNING - Failed to parse market: could not convert string to float: '['
2025-12-22 14:18:41,500 - services.polymarket - WARNING - Failed to parse market: could not convert string to float: '['
2025-12-22 14:18:41,500 - services.polymarket - WARNING - Failed to parse market: could not convert string to float: '['
2025-12-22 14:18:41,500 - services.polymarket - WARNING - Failed to parse market: could not convert string to float: '['
2025-12-22 14:18:41,500 - services.polymarket - WARNING - Failed to parse market: could not convert string to float: '['
2025-12-22 14:18:41,500 - services.polymarket - WARNING - Failed to parse market: could not convert string to float: '['
2025-12-22 14:18:41,500 - services.polymarket - WARNING - Failed to parse market: could not convert string to float: '['
2025-12-22 14:18:41,500 - services.polymarket - WARNING - Failed to parse market: could not convert string to float: '['
2025-12-22 14:18:41,500 - services.polymarket - WARNING - Failed to parse market: could not convert string to float: '['
2025-12-22 14:18:41,500 - services.polymarket - WARNING - Failed to parse market: could not convert string to float: '['
2025-12-22 14:18:41,500 - services.polymarket - WARNING - Failed to parse market: could not convert string to float: '['
2025-12-22 14:18:41,500 - services.polymarket - WARNING - Failed to parse market: could not convert string to float: '['
2025-12-22 14:18:41,500 - services.polymarket - WARNING - Failed to parse market: could not convert string to float: '['
2025-12-22 14:18:41,500 - services.polymarket - WARNING - Failed to parse market: could not convert string to float: '['
2025-12-22 14:18:41,500 - services.polymarket - WARNING - Failed to parse market: could not convert string to float: '['
2025-12-22 14:18:41,500 - services.polymarket - WARNING - Failed to parse market: could not convert string to float: '['
2025-12-22 14:18:41,500 - services.polymarket - WARNING - Failed to parse market: could not convert string to float: '['
2025-12-22 14:18:41,500 - services.polymarket - WARNING - Failed to parse market: could not convert string to float: '['
2025-12-22 14:18:41,500 - services.polymarket - WARNING - Failed to parse market: could not convert string to float: '['
2025-12-22 14:18:41,500 - services.polymarket - WARNING - Failed to parse market: could not convert string to float: '['
2025-12-22 14:18:41,500 - services.polymarket - WARNING - Failed to parse market: could not convert string to float: '['
2025-12-22 14:18:41,500 - services.polymarket - WARNING - Failed to parse market: could not convert string to float: '['
2025-12-22 14:18:41,500 - services.polymarket - WARNING - Failed to parse market: could not convert string to float: '['
2025-12-22 14:18:41,500 - services.polymarket - WARNING - Failed to parse market: could not convert string to float: '['
2025-12-22 14:18:41,500 - services.polymarket - WARNING - Failed to parse market: could not convert string to float: '['
2025-12-22 14:18:41,500 - services.polymarket - WARNING - Failed to parse market: could not convert string to float: '['
2025-12-22 14:18:41,500 - services.polymarket - WARNING - Failed to parse market: could not convert string to float: '['
2025-12-22 14:18:41,500 - services.polymarket - WARNING - Failed to parse market: could not convert string to float: '['
2025-12-22 14:18:41,500 - services.polymarket - WARNING - Failed to parse market: could not convert string to float: '['
2025-12-22 14:18:41,500 - services.polymarket - WARNING - Failed to parse market: could not convert string to float: '['
2025-12-22 14:18:41,500 - services.polymarket - WARNING - Failed to parse market: could not convert string to float: '['
2025-12-22 14:18:41,500 - services.polymarket - WARNING - Failed to parse market: could not convert string to float: '['
2025-12-22 14:18:41,500 - services.polymarket - WARNING - Failed to parse market: could not convert string to float: '['
2025-12-22 14:18:41,500 - services.polymarket - WARNING - Failed to parse market: could not convert string to float: '['
2025-12-22 14:18:41,500 - services.polymarket - WARNING - Failed to parse market: could not convert string to float: '['
2025-12-22 14:18:41,500 - services.polymarket - WARNING - Failed to parse market: could not convert string to float: '['
2025-12-22 14:18:41,500 - services.polymarket - WARNING - Failed to parse market: could not convert string to float: '['
2025-12-22 14:18:41,500 - services.polymarket - WARNING - Failed to parse market: could not convert string to float: '['
2025-12-22 14:18:41,500 - services.polymarket - WARNING - Failed to parse market: could not convert string to float: '['
2025-12-22 14:18:41,500 - services.polymarket - WARNING - Failed to parse market: could not convert string to float: '['
2025-12-22 14:18:41,500 - services.polymarket - WARNING - Failed to parse market: could not convert string to float: '['
2025-12-22 14:18:41,500 - services.polymarket - WARNING - Failed to parse market: could not convert string to float: '['
2025-12-22 14:18:41,500 - services.polymarket - WARNING - Failed to parse market: could not convert string to float: '['
2025-12-22 14:18:41,500 - services.polymarket - WARNING - Failed to parse market: could not convert string to float: '['
2025-12-22 14:18:41,500 - services.polymarket - WARNING - Failed to parse market: could not convert string to float: '['
2025-12-22 14:18:41,500 - services.polymarket - WARNING - Failed to parse market: could not convert string to float: '['
2025-12-22 14:18:41,500 - services.polymarket - WARNING - Failed to parse market: could not convert string to float: '['
2025-12-22 14:18:41,500 - services.polymarket - WARNING - Failed to parse market: could not convert string to float: '['
2025-12-22 14:18:41,500 - services.polymarket - WARNING - Failed to parse market: could not convert string to float: '['
2025-12-22 14:18:41,500 - services.polymarket - WARNING - Failed to parse market: could not convert string to float: '['
2025-12-22 14:18:41,500 - services.polymarket - WARNING - Failed to parse market: could not convert string to float: '['
2025-12-22 14:18:41,500 - services.polymarket - WARNING - Failed to parse market: could not convert string to float: '['
2025-12-22 14:18:41,500 - services.polymarket - WARNING - Failed to parse market: could not convert string to float: '['
2025-12-22 14:18:41,500 - services.polymarket - WARNING - Failed to parse market: could not convert string to float: '['
2025-12-22 14:18:41,500 - services.polymarket - WARNING - Failed to parse market: could not convert string to float: '['
2025-12-22 14:18:41,500 - services.polymarket - WARNING - Failed to parse market: could not convert string to float: '['
2025-12-22 14:18:41,500 - services.polymarket - WARNING - Failed to parse market: could not convert string to float: '['
2025-12-22 14:18:41,501 - services.polymarket - WARNING - Failed to parse market: could not convert string to float: '['
2025-12-22 14:18:41,501 - services.polymarket - WARNING - Failed to parse market: could not convert string to float: '['
2025-12-22 14:18:41,501 - services.polymarket - WARNING - Failed to parse market: could not convert string to float: '['
2025-12-22 14:18:41,501 - services.polymarket - WARNING - Failed to parse market: could not convert string to float: '['
2025-12-22 14:18:41,501 - services.polymarket - WARNING - Failed to parse market: could not convert string to float: '['
2025-12-22 14:18:41,501 - services.polymarket - WARNING - Failed to parse market: could not convert string to float: '['
2025-12-22 14:18:41,501 - services.polymarket - WARNING - Failed to parse market: could not convert string to float: '['
2025-12-22 14:18:41,501 - services.polymarket - WARNING - Failed to parse market: could not convert string to float: '['
2025-12-22 14:18:41,501 - services.polymarket - WARNING - Failed to parse market: could not convert string to float: '['
2025-12-22 14:18:41,501 - services.polymarket - WARNING - Failed to parse market: could not convert string to float: '['
2025-12-22 14:18:41,501 - services.polymarket - WARNING - Failed to parse market: could not convert string to float: '['
2025-12-22 14:18:41,501 - services.polymarket - WARNING - Failed to parse market: could not convert string to float: '['
2025-12-22 14:18:41,501 - services.polymarket - WARNING - Failed to parse market: could not convert string to float: '['
2025-12-22 14:18:41,501 - services.polymarket - WARNING - Failed to parse market: could not convert string to float: '['
2025-12-22 14:18:41,501 - services.polymarket - WARNING - Failed to parse market: could not convert string to float: '['
2025-12-22 14:18:41,501 - services.polymarket - WARNING - Failed to parse market: could not convert string to float: '['
2025-12-22 14:18:41,501 - services.polymarket - WARNING - Failed to parse market: could not convert string to float: '['
2025-12-22 14:18:41,501 - services.polymarket - WARNING - Failed to parse market: could not convert string to float: '['
2025-12-22 14:18:41,501 - services.polymarket - WARNING - Failed to parse market: could not convert string to float: '['
2025-12-22 14:18:41,501 - services.polymarket - WARNING - Failed to parse market: could not convert string to float: '['
2025-12-22 14:18:41,501 - services.polymarket - WARNING - Failed to parse market: could not convert string to float: '['
2025-12-22 14:18:41,501 - services.polymarket - WARNING - Failed to parse market: could not convert string to float: '['
2025-12-22 14:18:41,501 - services.polymarket - WARNING - Failed to parse market: could not convert string to float: '['
2025-12-22 14:18:41,501 - services.polymarket - WARNING - Failed to parse market: could not convert string to float: '['
2025-12-22 14:18:41,501 - services.polymarket - WARNING - Failed to parse market: could not convert string to float: '['
2025-12-22 14:18:41,501 - services.polymarket - WARNING - Failed to parse market: could not convert string to float: '['
2025-12-22 14:18:41,501 - services.polymarket - WARNING - Failed to parse market: could not convert string to float: '['
2025-12-22 14:18:41,501 - services.polymarket - WARNING - Failed to parse market: could not convert string to float: '['
2025-12-22 14:18:41,501 - services.polymarket - WARNING - Failed to parse market: could not convert string to float: '['
2025-12-22 14:18:41,501 - services.polymarket - WARNING - Failed to parse market: could not convert string to float: '['
2025-12-22 14:18:41,501 - services.polymarket - WARNING - Failed to parse market: could not convert string to float: '['
2025-12-22 14:18:41,501 - services.polymarket - WARNING - Failed to parse market: could not convert string to float: '['
2025-12-22 14:18:41,501 - services.polymarket - WARNING - Failed to parse market: could not convert string to float: '['
2025-12-22 14:18:41,501 - services.polymarket - WARNING - Failed to parse market: could not convert string to float: '['
2025-12-22 14:18:41,501 - services.polymarket - WARNING - Failed to parse market: could not convert string to float: '['
2025-12-22 14:18:41,501 - services.polymarket - WARNING - Failed to parse market: could not convert string to float: '['
2025-12-22 14:18:41,501 - services.polymarket - WARNING - Failed to parse market: could not convert string to float: '['
2025-12-22 14:18:41,501 - services.polymarket - WARNING - Failed to parse market: could not convert string to float: '['
2025-12-22 14:18:41,501 - services.polymarket - WARNING - Failed to parse market: could not convert string to float: '['
2025-12-22 14:18:41,501 - services.polymarket - WARNING - Failed to parse market: could not convert string to float: '['
2025-12-22 14:18:41,501 - services.polymarket - WARNING - Failed to parse market: could not convert string to float: '['
2025-12-22 14:18:41,501 - services.polymarket - WARNING - Failed to parse market: could not convert string to float: '['
2025-12-22 14:18:41,501 - services.polymarket - WARNING - Failed to parse market: could not convert string to float: '['
2025-12-22 14:18:41,501 - services.polymarket - WARNING - Failed to parse market: could not convert string to float: '['
2025-12-22 14:18:41,501 - services.polymarket - WARNING - Failed to parse market: could not convert string to float: '['
2025-12-22 14:18:41,501 - services.polymarket - WARNING - Failed to parse market: could not convert string to float: '['
2025-12-22 14:18:41,501 - services.polymarket - WARNING - Failed to parse market: could not convert string to float: '['
2025-12-22 14:18:41,501 - services.polymarket - WARNING - Failed to parse market: could not convert string to float: '['
2025-12-22 14:18:41,501 - services.polymarket - WARNING - Failed to parse market: could not convert string to float: '['
2025-12-22 14:18:41,501 - services.polymarket - WARNING - Failed to parse market: could not convert string to float: '['
2025-12-22 14:18:41,501 - services.polymarket - WARNING - Failed to parse market: could not convert string to float: '['
2025-12-22 14:18:41,501 - services.polymarket - WARNING - Failed to parse market: could not convert string to float: '['
2025-12-22 14:18:41,501 - services.polymarket - WARNING - Failed to parse market: could not convert string to float: '['
2025-12-22 14:18:41,501 - services.polymarket - WARNING - Failed to parse market: could not convert string to float: '['
2025-12-22 14:18:41,501 - services.polymarket - WARNING - Failed to parse market: could not convert string to float: '['
2025-12-22 14:18:41,501 - services.polymarket - WARNING - Failed to parse market: could not convert string to float: '['
2025-12-22 14:18:41,501 - services.polymarket - WARNING - Failed to parse market: could not convert string to float: '['
2025-12-22 14:18:41,501 - services.polymarket - WARNING - Failed to parse market: could not convert string to float: '['
2025-12-22 14:18:41,501 - services.polymarket - WARNING - Failed to parse market: could not convert string to float: '['
2025-12-22 14:18:41,501 - services.polymarket - WARNING - Failed to parse market: could not convert string to float: '['
2025-12-22 14:18:41,501 - services.polymarket - WARNING - Failed to parse market: could not convert string to float: '['
2025-12-22 14:18:41,501 - services.polymarket - WARNING - Failed to parse market: could not convert string to float: '['
2025-12-22 14:18:41,501 - services.polymarket - WARNING - Failed to parse market: could not convert string to float: '['
2025-12-22 14:18:41,501 - services.polymarket - WARNING - Failed to parse market: could not convert string to float: '['
2025-12-22 14:18:41,501 - services.polymarket - WARNING - Failed to parse market: could not convert string to float: '['
2025-12-22 14:18:41,501 - services.polymarket - WARNING - Failed to parse market: could not convert string to float: '['
2025-12-22 14:18:41,501 - services.polymarket - WARNING - Failed to parse market: could not convert string to float: '['
2025-12-22 14:18:41,501 - services.polymarket - WARNING - Failed to parse market: could not convert string to float: '['
2025-12-22 14:18:41,501 - services.polymarket - WARNING - Failed to parse market: could not convert string to float: '['
2025-12-22 14:18:41,501 - services.polymarket - WARNING - Failed to parse market: could not convert string to float: '['
2025-12-22 14:18:41,501 - services.polymarket - WARNING - Failed to parse market: could not convert string to float: '['
2025-12-22 14:18:41,501 - services.polymarket - WARNING - Failed to parse market: could not convert string to float: '['
2025-12-22 14:18:41,501 - services.polymarket - WARNING - Failed to parse market: could not convert string to float: '['
2025-12-22 14:18:41,501 - services.polymarket - WARNING - Failed to parse market: could not convert string to float: '['
2025-12-22 14:18:41,501 - services.polymarket - WARNING - Failed to parse market: could not convert string to float: '['
2025-12-22 14:18:41,501 - services.polymarket - WARNING - Failed to parse market: could not convert string to float: '['
2025-12-22 14:18:41,501 - services.polymarket - WARNING - Failed to parse market: could not convert string to float: '['
2025-12-22 14:18:41,501 - services.polymarket - WARNING - Failed to parse market: could not convert string to float: '['
2025-12-22 14:18:41,501 - services.polymarket - WARNING - Failed to parse market: could not convert string to float: '['
2025-12-22 14:18:41,501 - services.polymarket - WARNING - Failed to parse market: could not convert string to float: '['
2025-12-22 14:18:41,501 - services.polymarket - WARNING - Failed to parse market: could not convert string to float: '['
2025-12-22 14:18:41,501 - services.polymarket - WARNING - Failed to parse market: could not convert string to float: '['
2025-12-22 14:18:41,501 - services.polymarket - WARNING - Failed to parse market: could not convert string to float: '['
2025-12-22 14:18:41,501 - services.polymarket - WARNING - Failed to parse market: could not convert string to float: '['
2025-12-22 14:18:41,501 - services.polymarket - WARNING - Failed to parse market: could not convert string to float: '['
2025-12-22 14:18:41,501 - services.polymarket - WARNING - Failed to parse market: could not convert string to float: '['
2025-12-22 14:18:41,501 - services.polymarket - WARNING - Failed to parse market: could not convert string to float: '['
2025-12-22 14:18:41,501 - services.polymarket - WARNING - Failed to parse market: could not convert string to float: '['
2025-12-22 14:18:41,501 - services.polymarket - WARNING - Failed to parse market: could not convert string to float: '['
2025-12-22 14:18:41,502 - services.polymarket - WARNING - Failed to parse market: could not convert string to float: '['
2025-12-22 14:18:41,502 - services.polymarket - WARNING - Failed to parse market: could not convert string to float: '['
2025-12-22 14:18:41,502 - services.polymarket - WARNING - Failed to parse market: could not convert string to float: '['
2025-12-22 14:18:41,502 - services.polymarket - WARNING - Failed to parse market: could not convert string to float: '['
2025-12-22 14:18:41,502 - services.polymarket - WARNING - Failed to parse market: could not convert string to float: '['
2025-12-22 14:18:41,502 - services.polymarket - WARNING - Failed to parse market: could not convert string to float: '['
2025-12-22 14:18:41,502 - services.polymarket - WARNING - Failed to parse market: could not convert string to float: '['
2025-12-22 14:18:41,502 - services.polymarket - WARNING - Failed to parse market: could not convert string to float: '['
2025-12-22 14:18:41,502 - services.polymarket - WARNING - Failed to parse market: could not convert string to float: '['
2025-12-22 14:18:41,502 - services.polymarket - WARNING - Failed to parse market: could not convert string to float: '['
2025-12-22 14:18:41,502 - services.polymarket - WARNING - Failed to parse market: could not convert string to float: '['
2025-12-22 14:18:41,502 - services.polymarket - WARNING - Failed to parse market: could not convert string to float: '['
2025-12-22 14:18:41,502 - services.polymarket - WARNING - Failed to parse market: could not convert string to float: '['
2025-12-22 14:18:41,502 - services.polymarket - WARNING - Failed to parse market: could not convert string to float: '['
2025-12-22 14:18:41,502 - services.polymarket - WARNING - Failed to parse market: could not convert string to float: '['
2025-12-22 14:18:41,502 - services.polymarket - WARNING - Failed to parse market: could not convert string to float: '['
2025-12-22 14:18:41,502 - services.polymarket - WARNING - Failed to parse market: could not convert string to float: '['
2025-12-22 14:18:41,502 - services.polymarket - WARNING - Failed to parse market: could not convert string to float: '['
2025-12-22 14:18:41,502 - services.polymarket - WARNING - Failed to parse market: could not convert string to float: '['
2025-12-22 14:18:41,502 - services.polymarket - WARNING - Failed to parse market: could not convert string to float: '['
2025-12-22 14:18:41,502 - services.polymarket - WARNING - Failed to parse market: could not convert string to float: '['
2025-12-22 14:18:41,502 - services.polymarket - WARNING - Failed to parse market: could not convert string to float: '['
2025-12-22 14:18:41,502 - services.polymarket - WARNING - Failed to parse market: could not convert string to float: '['
2025-12-22 14:18:41,502 - services.polymarket - WARNING - Failed to parse market: could not convert string to float: '['
2025-12-22 14:18:41,502 - services.polymarket - WARNING - Failed to parse market: could not convert string to float: '['
2025-12-22 14:18:41,502 - services.polymarket - WARNING - Failed to parse market: could not convert string to float: '['
2025-12-22 14:18:41,502 - services.polymarket - WARNING - Failed to parse market: could not convert string to float: '['
2025-12-22 14:18:41,502 - services.polymarket - WARNING - Failed to parse market: could not convert string to float: '['
2025-12-22 14:18:41,502 - services.polymarket - WARNING - Failed to parse market: could not convert string to float: '['
2025-12-22 14:18:41,502 - services.polymarket - WARNING - Failed to parse market: could not convert string to float: '['
2025-12-22 14:18:41,502 - services.polymarket - WARNING - Failed to parse market: could not convert string to float: '['
2025-12-22 14:18:41,502 - services.polymarket - WARNING - Failed to parse market: could not convert string to float: '['
2025-12-22 14:18:41,502 - services.polymarket - WARNING - Failed to parse market: could not convert string to float: '['
2025-12-22 14:18:41,502 - services.polymarket - WARNING - Failed to parse market: could not convert string to float: '['
2025-12-22 14:18:41,502 - services.polymarket - WARNING - Failed to parse market: could not convert string to float: '['
2025-12-22 14:18:41,502 - services.polymarket - WARNING - Failed to parse market: could not convert string to float: '['
2025-12-22 14:18:41,502 - services.polymarket - WARNING - Failed to parse market: could not convert string to float: '['
2025-12-22 14:18:41,502 - services.polymarket - WARNING - Failed to parse market: could not convert string to float: '['
2025-12-22 14:18:41,502 - services.polymarket - WARNING - Failed to parse market: could not convert string to float: '['
2025-12-22 14:18:41,502 - services.polymarket - WARNING - Failed to parse market: could not convert string to float: '['
2025-12-22 14:18:41,502 - services.polymarket - WARNING - Failed to parse market: could not convert string to float: '['
2025-12-22 14:18:41,502 - services.polymarket - WARNING - Failed to parse market: could not convert string to float: '['
2025-12-22 14:18:41,502 - services.polymarket - WARNING - Failed to parse market: could not convert string to float: '['
2025-12-22 14:18:41,502 - services.polymarket - WARNING - Failed to parse market: could not convert string to float: '['
2025-12-22 14:18:41,502 - services.polymarket - WARNING - Failed to parse market: could not convert string to float: '['
2025-12-22 14:18:41,502 - services.polymarket - WARNING - Failed to parse market: could not convert string to float: '['
2025-12-22 14:18:41,502 - services.polymarket - WARNING - Failed to parse market: could not convert string to float: '['
2025-12-22 14:18:41,502 - services.polymarket - WARNING - Failed to parse market: could not convert string to float: '['
2025-12-22 14:18:41,502 - services.polymarket - WARNING - Failed to parse market: could not convert string to float: '['
2025-12-22 14:18:41,502 - services.polymarket - WARNING - Failed to parse market: could not convert string to float: '['
2025-12-22 14:18:41,502 - services.polymarket - WARNING - Failed to parse market: could not convert string to float: '['
2025-12-22 14:18:41,502 - services.polymarket - WARNING - Failed to parse market: could not convert string to float: '['
2025-12-22 14:18:41,502 - services.polymarket - WARNING - Failed to parse market: could not convert string to float: '['
2025-12-22 14:18:41,502 - services.polymarket - WARNING - Failed to parse market: could not convert string to float: '['
2025-12-22 14:18:41,502 - services.polymarket - WARNING - Failed to parse market: could not convert string to float: '['
2025-12-22 14:18:41,502 - services.polymarket - WARNING - Failed to parse market: could not convert string to float: '['
2025-12-22 14:18:41,502 - services.polymarket - WARNING - Failed to parse market: could not convert string to float: '['
2025-12-22 14:18:41,502 - services.polymarket - WARNING - Failed to parse market: could not convert string to float: '['
2025-12-22 14:18:41,502 - services.polymarket - WARNING - Failed to parse market: could not convert string to float: '['
2025-12-22 14:18:41,502 - services.polymarket - WARNING - Failed to parse market: could not convert string to float: '['
2025-12-22 14:18:41,502 - services.polymarket - WARNING - Failed to parse market: could not convert string to float: '['
2025-12-22 14:18:41,502 - services.polymarket - WARNING - Failed to parse market: could not convert string to float: '['
2025-12-22 14:18:41,503 - services.polymarket - WARNING - Failed to parse market: could not convert string to float: '['
2025-12-22 14:18:41,503 - services.polymarket - WARNING - Failed to parse market: could not convert string to float: '['
2025-12-22 14:18:41,503 - services.polymarket - WARNING - Failed to parse market: could not convert string to float: '['
2025-12-22 14:18:41,503 - services.polymarket - WARNING - Failed to parse market: could not convert string to float: '['
2025-12-22 14:18:41,503 - services.polymarket - WARNING - Failed to parse market: could not convert string to float: '['
2025-12-22 14:18:41,503 - services.polymarket - WARNING - Failed to parse market: could not convert string to float: '['
2025-12-22 14:18:41,503 - services.polymarket - WARNING - Failed to parse market: could not convert string to float: '['
2025-12-22 14:18:41,503 - services.polymarket - WARNING - Failed to parse market: could not convert string to float: '['
2025-12-22 14:18:41,503 - services.polymarket - WARNING - Failed to parse market: could not convert string to float: '['
2025-12-22 14:18:41,503 - services.polymarket - WARNING - Failed to parse market: could not convert string to float: '['
2025-12-22 14:18:41,503 - services.polymarket - WARNING - Failed to parse market: could not convert string to float: '['
2025-12-22 14:18:41,503 - services.polymarket - WARNING - Failed to parse market: could not convert string to float: '['
2025-12-22 14:18:41,503 - services.polymarket - WARNING - Failed to parse market: could not convert string to float: '['
2025-12-22 14:18:41,503 - services.polymarket - WARNING - Failed to parse market: could not convert string to float: '['
2025-12-22 14:18:41,503 - services.polymarket - WARNING - Failed to parse market: could not convert string to float: '['
2025-12-22 14:18:41,503 - services.polymarket - WARNING - Failed to parse market: could not convert string to float: '['
2025-12-22 14:18:41,503 - services.polymarket - WARNING - Failed to parse market: could not convert string to float: '['
2025-12-22 14:18:41,503 - services.polymarket - WARNING - Failed to parse market: could not convert string to float: '['
2025-12-22 14:18:41,503 - services.polymarket - WARNING - Failed to parse market: could not convert string to float: '['
2025-12-22 14:18:41,503 - services.polymarket - WARNING - Failed to parse market: could not convert string to float: '['
2025-12-22 14:18:41,503 - services.polymarket - WARNING - Failed to parse market: could not convert string to float: '['
2025-12-22 14:18:41,503 - services.polymarket - WARNING - Failed to parse market: could not convert string to float: '['
2025-12-22 14:18:41,503 - services.polymarket - WARNING - Failed to parse market: could not convert string to float: '['
2025-12-22 14:18:41,503 - services.polymarket - WARNING - Failed to parse market: could not convert string to float: '['
2025-12-22 14:18:41,503 - services.polymarket - WARNING - Failed to parse market: could not convert string to float: '['
2025-12-22 14:18:41,503 - services.polymarket - WARNING - Failed to parse market: could not convert string to float: '['
2025-12-22 14:18:41,503 - services.polymarket - WARNING - Failed to parse market: could not convert string to float: '['
2025-12-22 14:18:41,503 - services.polymarket - WARNING - Failed to parse market: could not convert string to float: '['
2025-12-22 14:18:41,503 - services.polymarket - WARNING - Failed to parse market: could not convert string to float: '['
2025-12-22 14:18:41,503 - services.polymarket - WARNING - Failed to parse market: could not convert string to float: '['
2025-12-22 14:18:41,503 - services.polymarket - WARNING - Failed to parse market: could not convert string to float: '['
2025-12-22 14:18:41,503 - services.polymarket - WARNING - Failed to parse market: could not convert string to float: '['
2025-12-22 14:18:41,503 - services.polymarket - WARNING - Failed to parse market: could not convert string to float: '['
2025-12-22 14:18:41,503 - services.polymarket - WARNING - Failed to parse market: could not convert string to float: '['
2025-12-22 14:18:41,503 - services.polymarket - WARNING - Failed to parse market: could not convert string to float: '['
2025-12-22 14:18:41,503 - services.polymarket - WARNING - Failed to parse market: could not convert string to float: '['
2025-12-22 14:18:41,503 - services.polymarket - WARNING - Failed to parse market: could not convert string to float: '['
2025-12-22 14:18:41,503 - services.polymarket - WARNING - Failed to parse market: could not convert string to float: '['
2025-12-22 14:18:41,503 - services.polymarket - WARNING - Failed to parse market: could not convert string to float: '['
2025-12-22 14:18:41,503 - services.polymarket - WARNING - Failed to parse market: could not convert string to float: '['
2025-12-22 14:18:41,503 - services.polymarket - WARNING - Failed to parse market: could not convert string to float: '['
2025-12-22 14:18:41,503 - services.polymarket - WARNING - Failed to parse market: could not convert string to float: '['
2025-12-22 14:18:41,503 - services.polymarket - WARNING - Failed to parse market: could not convert string to float: '['
2025-12-22 14:18:41,503 - services.polymarket - WARNING - Failed to parse market: could not convert string to float: '['
2025-12-22 14:18:41,503 - services.polymarket - WARNING - Failed to parse market: could not convert string to float: '['
2025-12-22 14:18:41,503 - services.polymarket - WARNING - Failed to parse market: could not convert string to float: '['
2025-12-22 14:18:41,503 - services.polymarket - WARNING - Failed to parse market: could not convert string to float: '['
2025-12-22 14:18:41,503 - services.polymarket - WARNING - Failed to parse market: could not convert string to float: '['
2025-12-22 14:18:41,503 - services.polymarket - WARNING - Failed to parse market: could not convert string to float: '['
2025-12-22 14:18:41,503 - services.polymarket - WARNING - Failed to parse market: could not convert string to float: '['
2025-12-22 14:18:41,503 - services.polymarket - WARNING - Failed to parse market: could not convert string to float: '['
2025-12-22 14:18:41,503 - services.polymarket - WARNING - Failed to parse market: could not convert string to float: '['
2025-12-22 14:18:41,503 - services.polymarket - WARNING - Failed to parse market: could not convert string to float: '['
2025-12-22 14:18:41,503 - services.polymarket - WARNING - Failed to parse market: could not convert string to float: '['
2025-12-22 14:18:41,503 - services.polymarket - WARNING - Failed to parse market: could not convert string to float: '['
2025-12-22 14:18:41,504 - services.polymarket - WARNING - Failed to parse market: could not convert string to float: '['
2025-12-22 14:18:41,504 - services.polymarket - WARNING - Failed to parse market: could not convert string to float: '['
2025-12-22 14:18:41,504 - services.polymarket - WARNING - Failed to parse market: could not convert string to float: '['
2025-12-22 14:18:41,504 - services.polymarket - WARNING - Failed to parse market: could not convert string to float: '['
2025-12-22 14:18:41,504 - services.polymarket - WARNING - Failed to parse market: could not convert string to float: '['
2025-12-22 14:18:41,504 - services.polymarket - WARNING - Failed to parse market: could not convert string to float: '['
2025-12-22 14:18:41,504 - services.polymarket - WARNING - Failed to parse market: could not convert string to float: '['
2025-12-22 14:18:41,504 - services.polymarket - WARNING - Failed to parse market: could not convert string to float: '['
2025-12-22 14:18:41,504 - services.polymarket - WARNING - Failed to parse market: could not convert string to float: '['
2025-12-22 14:18:41,504 - services.polymarket - WARNING - Failed to parse market: could not convert string to float: '['
2025-12-22 14:18:41,504 - services.polymarket - WARNING - Failed to parse market: could not convert string to float: '['
2025-12-22 14:18:41,504 - services.polymarket - WARNING - Failed to parse market: could not convert string to float: '['
2025-12-22 14:18:41,504 - services.polymarket - WARNING - Failed to parse market: could not convert string to float: '['
2025-12-22 14:18:41,504 - services.polymarket - WARNING - Failed to parse market: could not convert string to float: '['
2025-12-22 14:18:41,504 - services.polymarket - WARNING - Failed to parse market: could not convert string to float: '['
2025-12-22 14:18:41,504 - services.polymarket - WARNING - Failed to parse market: could not convert string to float: '['
2025-12-22 14:18:41,504 - services.polymarket - WARNING - Failed to parse market: could not convert string to float: '['
2025-12-22 14:18:41,504 - services.polymarket - WARNING - Failed to parse market: could not convert string to float: '['
2025-12-22 14:18:41,504 - services.polymarket - INFO - Fetched 0 Polymarket markets
2025-12-22 14:18:41,506 - __main__ - WARNING - No Polymarket data collected
2025-12-22 14:18:41,506 - __main__ - WARNING - No Opinion Labs data collected
2025-12-22 14:18:41,506 - __main__ - ERROR - Insufficient data to proceed
2025-12-22 14:20:19,976 - __main__ - INFO - Starting data collection from both platforms...
2025-12-22 14:20:19,976 - services.polymarket - INFO - Fetching Polymarket markets (limit=100)...
2025-12-22 14:20:19,976 - services.opinion - INFO - Fetching Opinion Labs markets (limit=100)...
2025-12-22 14:20:20,228 - services.opinion - ERROR - Failed to fetch Opinion Labs markets: 404 Client Error: Not Found for url: https://api.opinion.trade/v1/markets?status=active&limit=100
2025-12-22 14:20:20,365 - services.polymarket - INFO - Fetched 311 Polymarket markets
2025-12-22 14:20:20,367 - __main__ - WARNING - No Opinion Labs data collected
2025-12-22 14:20:20,367 - __main__ - ERROR - Insufficient data to proceed
2025-12-22 15:13:09,376 - __main__ - INFO - No Opinion Labs API key - scanning Polymarket vs Kalshi only
2025-12-22 15:13:09,376 - __main__ - INFO - Starting data collection from available platforms...
2025-12-22 15:13:09,376 - services.polymarket - INFO - Fetching Polymarket markets (limit=100)...
2025-12-22 15:13:09,376 - services.kalshi - INFO - Fetching Kalshi markets (limit=100)...
2025-12-22 15:13:10,128 - services.kalshi - INFO - Fetched 100 Kalshi markets
2025-12-22 15:13:10,456 - services.polymarket - INFO - Fetched 311 Polymarket markets
2025-12-22 15:13:10,458 - __main__ - INFO - 
=== Scanning Polymarket vs Kalshi ===
2025-12-22 15:13:10,458 - matcher - INFO - Matching 311 Polymarket vs 100 Opinion markets...
2025-12-22 15:13:10,504 - matcher - INFO - Found 0 matching pairs
2025-12-22 15:13:10,504 - __main__ - INFO - Arbitrage scan completed successfully
2025-12-22 15:14:27,806 - __main__ - INFO - No Opinion Labs API key - scanning Polymarket vs Kalshi only
2025-12-22 15:14:27,806 - __main__ - INFO - Starting data collection from available platforms...
2025-12-22 15:14:27,807 - services.polymarket - INFO - Fetching Polymarket markets (limit=100)...
2025-12-22 15:14:27,807 - services.kalshi - INFO - Fetching Kalshi markets (limit=100)...
2025-12-22 15:14:28,545 - services.kalshi - INFO - Fetched 100 Kalshi markets
2025-12-22 15:14:29,320 - services.polymarket - INFO - Fetched 311 Polymarket markets
2025-12-22 15:14:29,323 - __main__ - INFO - 
=== Scanning Polymarket vs Kalshi ===
2025-12-22 15:14:29,324 - matcher - INFO - Matching 311 Polymarket vs 100 Opinion markets...
2025-12-22 15:14:29,365 - matcher - INFO - Found 0 matching pairs
2025-12-22 15:14:29,365 - __main__ - INFO - Arbitrage scan completed successfully
2025-12-22 15:16:37,458 - __main__ - INFO - No Opinion Labs API key - scanning Polymarket vs Kalshi only
2025-12-22 15:16:37,458 - __main__ - INFO - Starting data collection from available platforms...
2025-12-22 15:16:37,459 - services.polymarket - INFO - Fetching all Polymarket markets...
2025-12-22 15:16:37,459 - services.kalshi - INFO - Fetching all Kalshi markets...
2025-12-22 15:16:37,841 - services.polymarket - INFO - Fetched 100 Polymarket markets
2025-12-22 15:16:38,670 - services.kalshi - INFO - Fetched 100 Kalshi markets
2025-12-22 15:16:38,673 - __main__ - INFO - 
=== Scanning Polymarket vs Kalshi ===
2025-12-22 15:16:38,673 - matcher - INFO - Matching 100 Polymarket vs 100 Opinion markets...
2025-12-22 15:16:38,691 - matcher - INFO - Found 0 matching pairs
2025-12-22 15:16:38,691 - __main__ - INFO - Arbitrage scan completed successfully
2025-12-22 15:16:58,530 - __main__ - INFO - No Opinion Labs API key - scanning Polymarket vs Kalshi only
2025-12-22 15:16:58,530 - __main__ - INFO - Starting data collection from available platforms...
2025-12-22 15:16:58,530 - services.polymarket - INFO - Fetching all Polymarket markets...
2025-12-22 15:16:58,530 - services.kalshi - INFO - Fetching all Kalshi markets...
2025-12-22 15:16:58,875 - services.polymarket - INFO - Fetched 311 Polymarket markets
2025-12-22 15:17:37,408 - services.kalshi - INFO - Fetched 75299 Kalshi markets
2025-12-22 15:17:37,410 - __main__ - INFO - 
=== Scanning Polymarket vs Kalshi ===
2025-12-22 15:17:37,410 - matcher - INFO - Matching 311 Polymarket vs 75299 Opinion markets...
2025-12-22 15:18:15,690 - matcher - INFO - Found 6 matching pairs
2025-12-22 15:18:15,690 - matcher - INFO - Calculating arbitrage for 6 matched pairs...
2025-12-22 15:18:15,690 - matcher - INFO - Arbitrage found! ROI=98.61%, Cost=$0.5035, Strategy=Poly YES + Opinion NO
2025-12-22 15:18:15,690 - matcher - INFO - Arbitrage found! ROI=97.82%, Cost=$0.5055, Strategy=Poly YES + Opinion NO
2025-12-22 15:18:15,690 - matcher - INFO - Arbitrage found! ROI=94.36%, Cost=$0.5145, Strategy=Poly YES + Opinion NO
2025-12-22 15:18:15,690 - matcher - INFO - Arbitrage found! ROI=100.00%, Cost=$0.5000, Strategy=Poly NO + Opinion YES
2025-12-22 15:18:15,690 - matcher - INFO - Arbitrage found! ROI=100.00%, Cost=$0.5000, Strategy=Poly NO + Opinion YES
2025-12-22 15:18:15,690 - matcher - INFO - Arbitrage found! ROI=97.43%, Cost=$0.5065, Strategy=Poly YES + Opinion NO
2025-12-22 15:18:15,691 - matcher - INFO - Found 6 arbitrage opportunities
2025-12-22 15:18:15,691 - __main__ - INFO - Found 6 Poly-Kalshi arbitrage opportunities
2025-12-22 15:18:15,691 - __main__ - INFO - Results saved to arbitrage_results.json
2025-12-22 15:18:15,691 - __main__ - INFO - Arbitrage scan completed successfully
2025-12-22 16:13:56,274 - __main__ - INFO - No Opinion Labs API key - scanning Polymarket vs Kalshi only
2025-12-22 16:13:56,274 - __main__ - INFO - Starting data collection from available platforms...
2025-12-22 16:13:56,275 - services.polymarket - INFO - Fetching active Polymarket markets (future markets only)...
2025-12-22 16:13:56,275 - services.kalshi - INFO - Kalshi running without API key (public data only)
2025-12-22 16:13:56,275 - services.kalshi - INFO - Fetching Kalshi markets...
2025-12-22 16:14:36,633 - services.kalshi - INFO - Fetched 76473 Kalshi markets
2025-12-22 16:15:01,551 - services.polymarket - INFO - Fetched 18496 active Polymarket markets
2025-12-22 16:15:01,554 - __main__ - INFO - 
=== Scanning Polymarket vs Kalshi ===
2025-12-22 16:15:01,554 - matcher - INFO - Matching 18496 Polymarket vs 76473 Opinion markets...
